[2017-01-18 06:07:26] production.ERROR: exception 'PDOException' with message 'SQLSTATE[HY000]: General error: 1 table posts has no column named U_id' in /home/ubuntu/workspace/2503ict/Assignment5/vendor/laravel/framework/src/Illuminate/Database/Connection.php:369
Stack trace:
#0 /home/ubuntu/workspace/2503ict/Assignment5/vendor/laravel/framework/src/Illuminate/Database/Connection.php(369): PDO->prepare('insert into "po...')
#1 /home/ubuntu/workspace/2503ict/Assignment5/vendor/laravel/framework/src/Illuminate/Database/Connection.php(623): Illuminate\Database\Connection->Illuminate\Database\{closure}(Object(Illuminate\Database\SQLiteConnection), 'insert into "po...', Array)
#2 /home/ubuntu/workspace/2503ict/Assignment5/vendor/laravel/framework/src/Illuminate/Database/Connection.php(587): Illuminate\Database\Connection->runQueryCallback('insert into "po...', Array, Object(Closure))
#3 /home/ubuntu/workspace/2503ict/Assignment5/vendor/laravel/framework/src/Illuminate/Database/Connection.php(370): Illuminate\Database\Connection->run('insert into "po...', Array, Object(Closure))
#4 /home/ubuntu/workspace/2503ict/Assignment5/vendor/laravel/framework/src/Illuminate/Database/Connection.php(327): Illuminate\Database\Connection->statement('insert into "po...', Array)
#5 /home/ubuntu/workspace/2503ict/Assignment5/vendor/laravel/framework/src/Illuminate/Database/Query/Processors/Processor.php(30): Illuminate\Database\Connection->insert('insert into "po...', Array)
#6 /home/ubuntu/workspace/2503ict/Assignment5/vendor/laravel/framework/src/Illuminate/Database/Query/Builder.php(1910): Illuminate\Database\Query\Processors\Processor->processInsertGetId(Object(Illuminate\Database\Query\Builder), 'insert into "po...', Array, 'id')
#7 [internal function]: Illuminate\Database\Query\Builder->insertGetId(Array, 'id')
#8 /home/ubuntu/workspace/2503ict/Assignment5/vendor/laravel/framework/src/Illuminate/Database/Eloquent/Builder.php(972): call_user_func_array(Array, Array)
#9 /home/ubuntu/workspace/2503ict/Assignment5/vendor/laravel/framework/src/Illuminate/Database/Eloquent/Model.php(1580): Illuminate\Database\Eloquent\Builder->__call('insertGetId', Array)
#10 /home/ubuntu/workspace/2503ict/Assignment5/vendor/laravel/framework/src/Illuminate/Database/Eloquent/Model.php(1580): Illuminate\Database\Eloquent\Builder->insertGetId(Array, 'id')
#11 /home/ubuntu/workspace/2503ict/Assignment5/vendor/laravel/framework/src/Illuminate/Database/Eloquent/Model.php(1550): Illuminate\Database\Eloquent\Model->insertAndSetId(Object(Illuminate\Database\Eloquent\Builder), Array)
#12 /home/ubuntu/workspace/2503ict/Assignment5/vendor/laravel/framework/src/Illuminate/Database/Eloquent/Model.php(1456): Illuminate\Database\Eloquent\Model->performInsert(Object(Illuminate\Database\Eloquent\Builder), Array)
#13 /home/ubuntu/workspace/2503ict/Assignment5/app/database/seeds/PostSeeder.php(10): Illuminate\Database\Eloquent\Model->save()
#14 /home/ubuntu/workspace/2503ict/Assignment5/vendor/laravel/framework/src/Illuminate/Database/Seeder.php(37): PostSeeder->run()
#15 /home/ubuntu/workspace/2503ict/Assignment5/app/database/seeds/DatabaseSeeder.php(15): Illuminate\Database\Seeder->call('PostSeeder')
#16 /home/ubuntu/workspace/2503ict/Assignment5/vendor/laravel/framework/src/Illuminate/Database/Console/SeedCommand.php(57): DatabaseSeeder->run()
#17 /home/ubuntu/workspace/2503ict/Assignment5/vendor/laravel/framework/src/Illuminate/Console/Command.php(112): Illuminate\Database\Console\SeedCommand->fire()
#18 /home/ubuntu/workspace/2503ict/Assignment5/vendor/symfony/console/Command/Command.php(261): Illuminate\Console\Command->execute(Object(Symfony\Component\Console\Input\ArgvInput), Object(Symfony\Component\Console\Output\ConsoleOutput))
#19 /home/ubuntu/workspace/2503ict/Assignment5/vendor/laravel/framework/src/Illuminate/Console/Command.php(100): Symfony\Component\Console\Command\Command->run(Object(Symfony\Component\Console\Input\ArgvInput), Object(Symfony\Component\Console\Output\ConsoleOutput))
#20 /home/ubuntu/workspace/2503ict/Assignment5/vendor/symfony/console/Application.php(843): Illuminate\Console\Command->run(Object(Symfony\Component\Console\Input\ArgvInput), Object(Symfony\Component\Console\Output\ConsoleOutput))
#21 /home/ubuntu/workspace/2503ict/Assignment5/vendor/symfony/console/Application.php(188): Symfony\Component\Console\Application->doRunCommand(Object(Illuminate\Database\Console\SeedCommand), Object(Symfony\Component\Console\Input\ArgvInput), Object(Symfony\Component\Console\Output\ConsoleOutput))
#22 /home/ubuntu/workspace/2503ict/Assignment5/vendor/symfony/console/Application.php(119): Symfony\Component\Console\Application->doRun(Object(Symfony\Component\Console\Input\ArgvInput), Object(Symfony\Component\Console\Output\ConsoleOutput))
#23 /home/ubuntu/workspace/2503ict/Assignment5/artisan(59): Symfony\Component\Console\Application->run()
#24 {main}

Next exception 'Illuminate\Database\QueryException' with message 'SQLSTATE[HY000]: General error: 1 table posts has no column named U_id (SQL: insert into "posts" ("title", "message", "privacy", "U_id", "updated_at", "created_at") values (John's First Post!, Hi guys, my name is John, and this is my first post!, public, 2, 2017-01-18 06:07:26, 2017-01-18 06:07:26))' in /home/ubuntu/workspace/2503ict/Assignment5/vendor/laravel/framework/src/Illuminate/Database/Connection.php:631
Stack trace:
#0 /home/ubuntu/workspace/2503ict/Assignment5/vendor/laravel/framework/src/Illuminate/Database/Connection.php(587): Illuminate\Database\Connection->runQueryCallback('insert into "po...', Array, Object(Closure))
#1 /home/ubuntu/workspace/2503ict/Assignment5/vendor/laravel/framework/src/Illuminate/Database/Connection.php(370): Illuminate\Database\Connection->run('insert into "po...', Array, Object(Closure))
#2 /home/ubuntu/workspace/2503ict/Assignment5/vendor/laravel/framework/src/Illuminate/Database/Connection.php(327): Illuminate\Database\Connection->statement('insert into "po...', Array)
#3 /home/ubuntu/workspace/2503ict/Assignment5/vendor/laravel/framework/src/Illuminate/Database/Query/Processors/Processor.php(30): Illuminate\Database\Connection->insert('insert into "po...', Array)
#4 /home/ubuntu/workspace/2503ict/Assignment5/vendor/laravel/framework/src/Illuminate/Database/Query/Builder.php(1910): Illuminate\Database\Query\Processors\Processor->processInsertGetId(Object(Illuminate\Database\Query\Builder), 'insert into "po...', Array, 'id')
#5 [internal function]: Illuminate\Database\Query\Builder->insertGetId(Array, 'id')
#6 /home/ubuntu/workspace/2503ict/Assignment5/vendor/laravel/framework/src/Illuminate/Database/Eloquent/Builder.php(972): call_user_func_array(Array, Array)
#7 /home/ubuntu/workspace/2503ict/Assignment5/vendor/laravel/framework/src/Illuminate/Database/Eloquent/Model.php(1580): Illuminate\Database\Eloquent\Builder->__call('insertGetId', Array)
#8 /home/ubuntu/workspace/2503ict/Assignment5/vendor/laravel/framework/src/Illuminate/Database/Eloquent/Model.php(1580): Illuminate\Database\Eloquent\Builder->insertGetId(Array, 'id')
#9 /home/ubuntu/workspace/2503ict/Assignment5/vendor/laravel/framework/src/Illuminate/Database/Eloquent/Model.php(1550): Illuminate\Database\Eloquent\Model->insertAndSetId(Object(Illuminate\Database\Eloquent\Builder), Array)
#10 /home/ubuntu/workspace/2503ict/Assignment5/vendor/laravel/framework/src/Illuminate/Database/Eloquent/Model.php(1456): Illuminate\Database\Eloquent\Model->performInsert(Object(Illuminate\Database\Eloquent\Builder), Array)
#11 /home/ubuntu/workspace/2503ict/Assignment5/app/database/seeds/PostSeeder.php(10): Illuminate\Database\Eloquent\Model->save()
#12 /home/ubuntu/workspace/2503ict/Assignment5/vendor/laravel/framework/src/Illuminate/Database/Seeder.php(37): PostSeeder->run()
#13 /home/ubuntu/workspace/2503ict/Assignment5/app/database/seeds/DatabaseSeeder.php(15): Illuminate\Database\Seeder->call('PostSeeder')
#14 /home/ubuntu/workspace/2503ict/Assignment5/vendor/laravel/framework/src/Illuminate/Database/Console/SeedCommand.php(57): DatabaseSeeder->run()
#15 /home/ubuntu/workspace/2503ict/Assignment5/vendor/laravel/framework/src/Illuminate/Console/Command.php(112): Illuminate\Database\Console\SeedCommand->fire()
#16 /home/ubuntu/workspace/2503ict/Assignment5/vendor/symfony/console/Command/Command.php(261): Illuminate\Console\Command->execute(Object(Symfony\Component\Console\Input\ArgvInput), Object(Symfony\Component\Console\Output\ConsoleOutput))
#17 /home/ubuntu/workspace/2503ict/Assignment5/vendor/laravel/framework/src/Illuminate/Console/Command.php(100): Symfony\Component\Console\Command\Command->run(Object(Symfony\Component\Console\Input\ArgvInput), Object(Symfony\Component\Console\Output\ConsoleOutput))
#18 /home/ubuntu/workspace/2503ict/Assignment5/vendor/symfony/console/Application.php(843): Illuminate\Console\Command->run(Object(Symfony\Component\Console\Input\ArgvInput), Object(Symfony\Component\Console\Output\ConsoleOutput))
#19 /home/ubuntu/workspace/2503ict/Assignment5/vendor/symfony/console/Application.php(188): Symfony\Component\Console\Application->doRunCommand(Object(Illuminate\Database\Console\SeedCommand), Object(Symfony\Component\Console\Input\ArgvInput), Object(Symfony\Component\Console\Output\ConsoleOutput))
#20 /home/ubuntu/workspace/2503ict/Assignment5/vendor/symfony/console/Application.php(119): Symfony\Component\Console\Application->doRun(Object(Symfony\Component\Console\Input\ArgvInput), Object(Symfony\Component\Console\Output\ConsoleOutput))
#21 /home/ubuntu/workspace/2503ict/Assignment5/artisan(59): Symfony\Component\Console\Application->run()
#22 {main} [] []
[2017-01-18 06:08:32] production.ERROR: exception 'PDOException' with message 'SQLSTATE[HY000]: General error: 1 table comments has no column named P_id' in /home/ubuntu/workspace/2503ict/Assignment5/vendor/laravel/framework/src/Illuminate/Database/Connection.php:369
Stack trace:
#0 /home/ubuntu/workspace/2503ict/Assignment5/vendor/laravel/framework/src/Illuminate/Database/Connection.php(369): PDO->prepare('insert into "co...')
#1 /home/ubuntu/workspace/2503ict/Assignment5/vendor/laravel/framework/src/Illuminate/Database/Connection.php(623): Illuminate\Database\Connection->Illuminate\Database\{closure}(Object(Illuminate\Database\SQLiteConnection), 'insert into "co...', Array)
#2 /home/ubuntu/workspace/2503ict/Assignment5/vendor/laravel/framework/src/Illuminate/Database/Connection.php(587): Illuminate\Database\Connection->runQueryCallback('insert into "co...', Array, Object(Closure))
#3 /home/ubuntu/workspace/2503ict/Assignment5/vendor/laravel/framework/src/Illuminate/Database/Connection.php(370): Illuminate\Database\Connection->run('insert into "co...', Array, Object(Closure))
#4 /home/ubuntu/workspace/2503ict/Assignment5/vendor/laravel/framework/src/Illuminate/Database/Connection.php(327): Illuminate\Database\Connection->statement('insert into "co...', Array)
#5 /home/ubuntu/workspace/2503ict/Assignment5/vendor/laravel/framework/src/Illuminate/Database/Query/Processors/Processor.php(30): Illuminate\Database\Connection->insert('insert into "co...', Array)
#6 /home/ubuntu/workspace/2503ict/Assignment5/vendor/laravel/framework/src/Illuminate/Database/Query/Builder.php(1910): Illuminate\Database\Query\Processors\Processor->processInsertGetId(Object(Illuminate\Database\Query\Builder), 'insert into "co...', Array, 'id')
#7 [internal function]: Illuminate\Database\Query\Builder->insertGetId(Array, 'id')
#8 /home/ubuntu/workspace/2503ict/Assignment5/vendor/laravel/framework/src/Illuminate/Database/Eloquent/Builder.php(972): call_user_func_array(Array, Array)
#9 /home/ubuntu/workspace/2503ict/Assignment5/vendor/laravel/framework/src/Illuminate/Database/Eloquent/Model.php(1580): Illuminate\Database\Eloquent\Builder->__call('insertGetId', Array)
#10 /home/ubuntu/workspace/2503ict/Assignment5/vendor/laravel/framework/src/Illuminate/Database/Eloquent/Model.php(1580): Illuminate\Database\Eloquent\Builder->insertGetId(Array, 'id')
#11 /home/ubuntu/workspace/2503ict/Assignment5/vendor/laravel/framework/src/Illuminate/Database/Eloquent/Model.php(1550): Illuminate\Database\Eloquent\Model->insertAndSetId(Object(Illuminate\Database\Eloquent\Builder), Array)
#12 /home/ubuntu/workspace/2503ict/Assignment5/vendor/laravel/framework/src/Illuminate/Database/Eloquent/Model.php(1456): Illuminate\Database\Eloquent\Model->performInsert(Object(Illuminate\Database\Eloquent\Builder), Array)
#13 /home/ubuntu/workspace/2503ict/Assignment5/app/database/seeds/CommentSeeder.php(9): Illuminate\Database\Eloquent\Model->save()
#14 /home/ubuntu/workspace/2503ict/Assignment5/vendor/laravel/framework/src/Illuminate/Database/Seeder.php(37): CommentSeeder->run()
#15 /home/ubuntu/workspace/2503ict/Assignment5/app/database/seeds/DatabaseSeeder.php(16): Illuminate\Database\Seeder->call('CommentSeeder')
#16 /home/ubuntu/workspace/2503ict/Assignment5/vendor/laravel/framework/src/Illuminate/Database/Console/SeedCommand.php(57): DatabaseSeeder->run()
#17 /home/ubuntu/workspace/2503ict/Assignment5/vendor/laravel/framework/src/Illuminate/Console/Command.php(112): Illuminate\Database\Console\SeedCommand->fire()
#18 /home/ubuntu/workspace/2503ict/Assignment5/vendor/symfony/console/Command/Command.php(261): Illuminate\Console\Command->execute(Object(Symfony\Component\Console\Input\ArgvInput), Object(Symfony\Component\Console\Output\ConsoleOutput))
#19 /home/ubuntu/workspace/2503ict/Assignment5/vendor/laravel/framework/src/Illuminate/Console/Command.php(100): Symfony\Component\Console\Command\Command->run(Object(Symfony\Component\Console\Input\ArgvInput), Object(Symfony\Component\Console\Output\ConsoleOutput))
#20 /home/ubuntu/workspace/2503ict/Assignment5/vendor/symfony/console/Application.php(843): Illuminate\Console\Command->run(Object(Symfony\Component\Console\Input\ArgvInput), Object(Symfony\Component\Console\Output\ConsoleOutput))
#21 /home/ubuntu/workspace/2503ict/Assignment5/vendor/symfony/console/Application.php(188): Symfony\Component\Console\Application->doRunCommand(Object(Illuminate\Database\Console\SeedCommand), Object(Symfony\Component\Console\Input\ArgvInput), Object(Symfony\Component\Console\Output\ConsoleOutput))
#22 /home/ubuntu/workspace/2503ict/Assignment5/vendor/symfony/console/Application.php(119): Symfony\Component\Console\Application->doRun(Object(Symfony\Component\Console\Input\ArgvInput), Object(Symfony\Component\Console\Output\ConsoleOutput))
#23 /home/ubuntu/workspace/2503ict/Assignment5/artisan(59): Symfony\Component\Console\Application->run()
#24 {main}

Next exception 'Illuminate\Database\QueryException' with message 'SQLSTATE[HY000]: General error: 1 table comments has no column named P_id (SQL: insert into "comments" ("message", "P_id", "U_id", "updated_at", "created_at") values (Hi, I'm Sophie, and this is my first comment!, 1, 8, 2017-01-18 06:08:32, 2017-01-18 06:08:32))' in /home/ubuntu/workspace/2503ict/Assignment5/vendor/laravel/framework/src/Illuminate/Database/Connection.php:631
Stack trace:
#0 /home/ubuntu/workspace/2503ict/Assignment5/vendor/laravel/framework/src/Illuminate/Database/Connection.php(587): Illuminate\Database\Connection->runQueryCallback('insert into "co...', Array, Object(Closure))
#1 /home/ubuntu/workspace/2503ict/Assignment5/vendor/laravel/framework/src/Illuminate/Database/Connection.php(370): Illuminate\Database\Connection->run('insert into "co...', Array, Object(Closure))
#2 /home/ubuntu/workspace/2503ict/Assignment5/vendor/laravel/framework/src/Illuminate/Database/Connection.php(327): Illuminate\Database\Connection->statement('insert into "co...', Array)
#3 /home/ubuntu/workspace/2503ict/Assignment5/vendor/laravel/framework/src/Illuminate/Database/Query/Processors/Processor.php(30): Illuminate\Database\Connection->insert('insert into "co...', Array)
#4 /home/ubuntu/workspace/2503ict/Assignment5/vendor/laravel/framework/src/Illuminate/Database/Query/Builder.php(1910): Illuminate\Database\Query\Processors\Processor->processInsertGetId(Object(Illuminate\Database\Query\Builder), 'insert into "co...', Array, 'id')
#5 [internal function]: Illuminate\Database\Query\Builder->insertGetId(Array, 'id')
#6 /home/ubuntu/workspace/2503ict/Assignment5/vendor/laravel/framework/src/Illuminate/Database/Eloquent/Builder.php(972): call_user_func_array(Array, Array)
#7 /home/ubuntu/workspace/2503ict/Assignment5/vendor/laravel/framework/src/Illuminate/Database/Eloquent/Model.php(1580): Illuminate\Database\Eloquent\Builder->__call('insertGetId', Array)
#8 /home/ubuntu/workspace/2503ict/Assignment5/vendor/laravel/framework/src/Illuminate/Database/Eloquent/Model.php(1580): Illuminate\Database\Eloquent\Builder->insertGetId(Array, 'id')
#9 /home/ubuntu/workspace/2503ict/Assignment5/vendor/laravel/framework/src/Illuminate/Database/Eloquent/Model.php(1550): Illuminate\Database\Eloquent\Model->insertAndSetId(Object(Illuminate\Database\Eloquent\Builder), Array)
#10 /home/ubuntu/workspace/2503ict/Assignment5/vendor/laravel/framework/src/Illuminate/Database/Eloquent/Model.php(1456): Illuminate\Database\Eloquent\Model->performInsert(Object(Illuminate\Database\Eloquent\Builder), Array)
#11 /home/ubuntu/workspace/2503ict/Assignment5/app/database/seeds/CommentSeeder.php(9): Illuminate\Database\Eloquent\Model->save()
#12 /home/ubuntu/workspace/2503ict/Assignment5/vendor/laravel/framework/src/Illuminate/Database/Seeder.php(37): CommentSeeder->run()
#13 /home/ubuntu/workspace/2503ict/Assignment5/app/database/seeds/DatabaseSeeder.php(16): Illuminate\Database\Seeder->call('CommentSeeder')
#14 /home/ubuntu/workspace/2503ict/Assignment5/vendor/laravel/framework/src/Illuminate/Database/Console/SeedCommand.php(57): DatabaseSeeder->run()
#15 /home/ubuntu/workspace/2503ict/Assignment5/vendor/laravel/framework/src/Illuminate/Console/Command.php(112): Illuminate\Database\Console\SeedCommand->fire()
#16 /home/ubuntu/workspace/2503ict/Assignment5/vendor/symfony/console/Command/Command.php(261): Illuminate\Console\Command->execute(Object(Symfony\Component\Console\Input\ArgvInput), Object(Symfony\Component\Console\Output\ConsoleOutput))
#17 /home/ubuntu/workspace/2503ict/Assignment5/vendor/laravel/framework/src/Illuminate/Console/Command.php(100): Symfony\Component\Console\Command\Command->run(Object(Symfony\Component\Console\Input\ArgvInput), Object(Symfony\Component\Console\Output\ConsoleOutput))
#18 /home/ubuntu/workspace/2503ict/Assignment5/vendor/symfony/console/Application.php(843): Illuminate\Console\Command->run(Object(Symfony\Component\Console\Input\ArgvInput), Object(Symfony\Component\Console\Output\ConsoleOutput))
#19 /home/ubuntu/workspace/2503ict/Assignment5/vendor/symfony/console/Application.php(188): Symfony\Component\Console\Application->doRunCommand(Object(Illuminate\Database\Console\SeedCommand), Object(Symfony\Component\Console\Input\ArgvInput), Object(Symfony\Component\Console\Output\ConsoleOutput))
#20 /home/ubuntu/workspace/2503ict/Assignment5/vendor/symfony/console/Application.php(119): Symfony\Component\Console\Application->doRun(Object(Symfony\Component\Console\Input\ArgvInput), Object(Symfony\Component\Console\Output\ConsoleOutput))
#21 /home/ubuntu/workspace/2503ict/Assignment5/artisan(59): Symfony\Component\Console\Application->run()
#22 {main} [] []
[2017-01-18 06:09:23] production.ERROR: exception 'PDOException' with message 'SQLSTATE[HY000]: General error: 1 table comments has no column named U_id' in /home/ubuntu/workspace/2503ict/Assignment5/vendor/laravel/framework/src/Illuminate/Database/Connection.php:369
Stack trace:
#0 /home/ubuntu/workspace/2503ict/Assignment5/vendor/laravel/framework/src/Illuminate/Database/Connection.php(369): PDO->prepare('insert into "co...')
#1 /home/ubuntu/workspace/2503ict/Assignment5/vendor/laravel/framework/src/Illuminate/Database/Connection.php(623): Illuminate\Database\Connection->Illuminate\Database\{closure}(Object(Illuminate\Database\SQLiteConnection), 'insert into "co...', Array)
#2 /home/ubuntu/workspace/2503ict/Assignment5/vendor/laravel/framework/src/Illuminate/Database/Connection.php(587): Illuminate\Database\Connection->runQueryCallback('insert into "co...', Array, Object(Closure))
#3 /home/ubuntu/workspace/2503ict/Assignment5/vendor/laravel/framework/src/Illuminate/Database/Connection.php(370): Illuminate\Database\Connection->run('insert into "co...', Array, Object(Closure))
#4 /home/ubuntu/workspace/2503ict/Assignment5/vendor/laravel/framework/src/Illuminate/Database/Connection.php(327): Illuminate\Database\Connection->statement('insert into "co...', Array)
#5 /home/ubuntu/workspace/2503ict/Assignment5/vendor/laravel/framework/src/Illuminate/Database/Query/Processors/Processor.php(30): Illuminate\Database\Connection->insert('insert into "co...', Array)
#6 /home/ubuntu/workspace/2503ict/Assignment5/vendor/laravel/framework/src/Illuminate/Database/Query/Builder.php(1910): Illuminate\Database\Query\Processors\Processor->processInsertGetId(Object(Illuminate\Database\Query\Builder), 'insert into "co...', Array, 'id')
#7 [internal function]: Illuminate\Database\Query\Builder->insertGetId(Array, 'id')
#8 /home/ubuntu/workspace/2503ict/Assignment5/vendor/laravel/framework/src/Illuminate/Database/Eloquent/Builder.php(972): call_user_func_array(Array, Array)
#9 /home/ubuntu/workspace/2503ict/Assignment5/vendor/laravel/framework/src/Illuminate/Database/Eloquent/Model.php(1580): Illuminate\Database\Eloquent\Builder->__call('insertGetId', Array)
#10 /home/ubuntu/workspace/2503ict/Assignment5/vendor/laravel/framework/src/Illuminate/Database/Eloquent/Model.php(1580): Illuminate\Database\Eloquent\Builder->insertGetId(Array, 'id')
#11 /home/ubuntu/workspace/2503ict/Assignment5/vendor/laravel/framework/src/Illuminate/Database/Eloquent/Model.php(1550): Illuminate\Database\Eloquent\Model->insertAndSetId(Object(Illuminate\Database\Eloquent\Builder), Array)
#12 /home/ubuntu/workspace/2503ict/Assignment5/vendor/laravel/framework/src/Illuminate/Database/Eloquent/Model.php(1456): Illuminate\Database\Eloquent\Model->performInsert(Object(Illuminate\Database\Eloquent\Builder), Array)
#13 /home/ubuntu/workspace/2503ict/Assignment5/app/database/seeds/CommentSeeder.php(9): Illuminate\Database\Eloquent\Model->save()
#14 /home/ubuntu/workspace/2503ict/Assignment5/vendor/laravel/framework/src/Illuminate/Database/Seeder.php(37): CommentSeeder->run()
#15 /home/ubuntu/workspace/2503ict/Assignment5/app/database/seeds/DatabaseSeeder.php(16): Illuminate\Database\Seeder->call('CommentSeeder')
#16 /home/ubuntu/workspace/2503ict/Assignment5/vendor/laravel/framework/src/Illuminate/Database/Console/SeedCommand.php(57): DatabaseSeeder->run()
#17 /home/ubuntu/workspace/2503ict/Assignment5/vendor/laravel/framework/src/Illuminate/Console/Command.php(112): Illuminate\Database\Console\SeedCommand->fire()
#18 /home/ubuntu/workspace/2503ict/Assignment5/vendor/symfony/console/Command/Command.php(261): Illuminate\Console\Command->execute(Object(Symfony\Component\Console\Input\ArgvInput), Object(Symfony\Component\Console\Output\ConsoleOutput))
#19 /home/ubuntu/workspace/2503ict/Assignment5/vendor/laravel/framework/src/Illuminate/Console/Command.php(100): Symfony\Component\Console\Command\Command->run(Object(Symfony\Component\Console\Input\ArgvInput), Object(Symfony\Component\Console\Output\ConsoleOutput))
#20 /home/ubuntu/workspace/2503ict/Assignment5/vendor/symfony/console/Application.php(843): Illuminate\Console\Command->run(Object(Symfony\Component\Console\Input\ArgvInput), Object(Symfony\Component\Console\Output\ConsoleOutput))
#21 /home/ubuntu/workspace/2503ict/Assignment5/vendor/symfony/console/Application.php(188): Symfony\Component\Console\Application->doRunCommand(Object(Illuminate\Database\Console\SeedCommand), Object(Symfony\Component\Console\Input\ArgvInput), Object(Symfony\Component\Console\Output\ConsoleOutput))
#22 /home/ubuntu/workspace/2503ict/Assignment5/vendor/symfony/console/Application.php(119): Symfony\Component\Console\Application->doRun(Object(Symfony\Component\Console\Input\ArgvInput), Object(Symfony\Component\Console\Output\ConsoleOutput))
#23 /home/ubuntu/workspace/2503ict/Assignment5/artisan(59): Symfony\Component\Console\Application->run()
#24 {main}

Next exception 'Illuminate\Database\QueryException' with message 'SQLSTATE[HY000]: General error: 1 table comments has no column named U_id (SQL: insert into "comments" ("message", "post_id", "U_id", "updated_at", "created_at") values (Hi, I'm Sophie, and this is my first comment!, 1, 8, 2017-01-18 06:09:23, 2017-01-18 06:09:23))' in /home/ubuntu/workspace/2503ict/Assignment5/vendor/laravel/framework/src/Illuminate/Database/Connection.php:631
Stack trace:
#0 /home/ubuntu/workspace/2503ict/Assignment5/vendor/laravel/framework/src/Illuminate/Database/Connection.php(587): Illuminate\Database\Connection->runQueryCallback('insert into "co...', Array, Object(Closure))
#1 /home/ubuntu/workspace/2503ict/Assignment5/vendor/laravel/framework/src/Illuminate/Database/Connection.php(370): Illuminate\Database\Connection->run('insert into "co...', Array, Object(Closure))
#2 /home/ubuntu/workspace/2503ict/Assignment5/vendor/laravel/framework/src/Illuminate/Database/Connection.php(327): Illuminate\Database\Connection->statement('insert into "co...', Array)
#3 /home/ubuntu/workspace/2503ict/Assignment5/vendor/laravel/framework/src/Illuminate/Database/Query/Processors/Processor.php(30): Illuminate\Database\Connection->insert('insert into "co...', Array)
#4 /home/ubuntu/workspace/2503ict/Assignment5/vendor/laravel/framework/src/Illuminate/Database/Query/Builder.php(1910): Illuminate\Database\Query\Processors\Processor->processInsertGetId(Object(Illuminate\Database\Query\Builder), 'insert into "co...', Array, 'id')
#5 [internal function]: Illuminate\Database\Query\Builder->insertGetId(Array, 'id')
#6 /home/ubuntu/workspace/2503ict/Assignment5/vendor/laravel/framework/src/Illuminate/Database/Eloquent/Builder.php(972): call_user_func_array(Array, Array)
#7 /home/ubuntu/workspace/2503ict/Assignment5/vendor/laravel/framework/src/Illuminate/Database/Eloquent/Model.php(1580): Illuminate\Database\Eloquent\Builder->__call('insertGetId', Array)
#8 /home/ubuntu/workspace/2503ict/Assignment5/vendor/laravel/framework/src/Illuminate/Database/Eloquent/Model.php(1580): Illuminate\Database\Eloquent\Builder->insertGetId(Array, 'id')
#9 /home/ubuntu/workspace/2503ict/Assignment5/vendor/laravel/framework/src/Illuminate/Database/Eloquent/Model.php(1550): Illuminate\Database\Eloquent\Model->insertAndSetId(Object(Illuminate\Database\Eloquent\Builder), Array)
#10 /home/ubuntu/workspace/2503ict/Assignment5/vendor/laravel/framework/src/Illuminate/Database/Eloquent/Model.php(1456): Illuminate\Database\Eloquent\Model->performInsert(Object(Illuminate\Database\Eloquent\Builder), Array)
#11 /home/ubuntu/workspace/2503ict/Assignment5/app/database/seeds/CommentSeeder.php(9): Illuminate\Database\Eloquent\Model->save()
#12 /home/ubuntu/workspace/2503ict/Assignment5/vendor/laravel/framework/src/Illuminate/Database/Seeder.php(37): CommentSeeder->run()
#13 /home/ubuntu/workspace/2503ict/Assignment5/app/database/seeds/DatabaseSeeder.php(16): Illuminate\Database\Seeder->call('CommentSeeder')
#14 /home/ubuntu/workspace/2503ict/Assignment5/vendor/laravel/framework/src/Illuminate/Database/Console/SeedCommand.php(57): DatabaseSeeder->run()
#15 /home/ubuntu/workspace/2503ict/Assignment5/vendor/laravel/framework/src/Illuminate/Console/Command.php(112): Illuminate\Database\Console\SeedCommand->fire()
#16 /home/ubuntu/workspace/2503ict/Assignment5/vendor/symfony/console/Command/Command.php(261): Illuminate\Console\Command->execute(Object(Symfony\Component\Console\Input\ArgvInput), Object(Symfony\Component\Console\Output\ConsoleOutput))
#17 /home/ubuntu/workspace/2503ict/Assignment5/vendor/laravel/framework/src/Illuminate/Console/Command.php(100): Symfony\Component\Console\Command\Command->run(Object(Symfony\Component\Console\Input\ArgvInput), Object(Symfony\Component\Console\Output\ConsoleOutput))
#18 /home/ubuntu/workspace/2503ict/Assignment5/vendor/symfony/console/Application.php(843): Illuminate\Console\Command->run(Object(Symfony\Component\Console\Input\ArgvInput), Object(Symfony\Component\Console\Output\ConsoleOutput))
#19 /home/ubuntu/workspace/2503ict/Assignment5/vendor/symfony/console/Application.php(188): Symfony\Component\Console\Application->doRunCommand(Object(Illuminate\Database\Console\SeedCommand), Object(Symfony\Component\Console\Input\ArgvInput), Object(Symfony\Component\Console\Output\ConsoleOutput))
#20 /home/ubuntu/workspace/2503ict/Assignment5/vendor/symfony/console/Application.php(119): Symfony\Component\Console\Application->doRun(Object(Symfony\Component\Console\Input\ArgvInput), Object(Symfony\Component\Console\Output\ConsoleOutput))
#21 /home/ubuntu/workspace/2503ict/Assignment5/artisan(59): Symfony\Component\Console\Application->run()
#22 {main} [] []
[2017-01-18 06:10:55] production.ERROR: exception 'PDOException' with message 'SQLSTATE[HY000]: General error: 1 no such table: userfriends' in /home/ubuntu/workspace/2503ict/Assignment5/vendor/laravel/framework/src/Illuminate/Database/Connection.php:369
Stack trace:
#0 /home/ubuntu/workspace/2503ict/Assignment5/vendor/laravel/framework/src/Illuminate/Database/Connection.php(369): PDO->prepare('insert into "us...')
#1 /home/ubuntu/workspace/2503ict/Assignment5/vendor/laravel/framework/src/Illuminate/Database/Connection.php(623): Illuminate\Database\Connection->Illuminate\Database\{closure}(Object(Illuminate\Database\SQLiteConnection), 'insert into "us...', Array)
#2 /home/ubuntu/workspace/2503ict/Assignment5/vendor/laravel/framework/src/Illuminate/Database/Connection.php(587): Illuminate\Database\Connection->runQueryCallback('insert into "us...', Array, Object(Closure))
#3 /home/ubuntu/workspace/2503ict/Assignment5/vendor/laravel/framework/src/Illuminate/Database/Connection.php(370): Illuminate\Database\Connection->run('insert into "us...', Array, Object(Closure))
#4 /home/ubuntu/workspace/2503ict/Assignment5/vendor/laravel/framework/src/Illuminate/Database/Connection.php(327): Illuminate\Database\Connection->statement('insert into "us...', Array)
#5 /home/ubuntu/workspace/2503ict/Assignment5/vendor/laravel/framework/src/Illuminate/Database/Query/Processors/Processor.php(30): Illuminate\Database\Connection->insert('insert into "us...', Array)
#6 /home/ubuntu/workspace/2503ict/Assignment5/vendor/laravel/framework/src/Illuminate/Database/Query/Builder.php(1910): Illuminate\Database\Query\Processors\Processor->processInsertGetId(Object(Illuminate\Database\Query\Builder), 'insert into "us...', Array, 'id')
#7 [internal function]: Illuminate\Database\Query\Builder->insertGetId(Array, 'id')
#8 /home/ubuntu/workspace/2503ict/Assignment5/vendor/laravel/framework/src/Illuminate/Database/Eloquent/Builder.php(972): call_user_func_array(Array, Array)
#9 /home/ubuntu/workspace/2503ict/Assignment5/vendor/laravel/framework/src/Illuminate/Database/Eloquent/Model.php(1580): Illuminate\Database\Eloquent\Builder->__call('insertGetId', Array)
#10 /home/ubuntu/workspace/2503ict/Assignment5/vendor/laravel/framework/src/Illuminate/Database/Eloquent/Model.php(1580): Illuminate\Database\Eloquent\Builder->insertGetId(Array, 'id')
#11 /home/ubuntu/workspace/2503ict/Assignment5/vendor/laravel/framework/src/Illuminate/Database/Eloquent/Model.php(1550): Illuminate\Database\Eloquent\Model->insertAndSetId(Object(Illuminate\Database\Eloquent\Builder), Array)
#12 /home/ubuntu/workspace/2503ict/Assignment5/vendor/laravel/framework/src/Illuminate/Database/Eloquent/Model.php(1456): Illuminate\Database\Eloquent\Model->performInsert(Object(Illuminate\Database\Eloquent\Builder), Array)
#13 /home/ubuntu/workspace/2503ict/Assignment5/app/database/seeds/UserfriendSeeder.php(8): Illuminate\Database\Eloquent\Model->save()
#14 /home/ubuntu/workspace/2503ict/Assignment5/vendor/laravel/framework/src/Illuminate/Database/Seeder.php(37): UserfriendSeeder->run()
#15 /home/ubuntu/workspace/2503ict/Assignment5/app/database/seeds/DatabaseSeeder.php(17): Illuminate\Database\Seeder->call('UserfriendSeede...')
#16 /home/ubuntu/workspace/2503ict/Assignment5/vendor/laravel/framework/src/Illuminate/Database/Console/SeedCommand.php(57): DatabaseSeeder->run()
#17 /home/ubuntu/workspace/2503ict/Assignment5/vendor/laravel/framework/src/Illuminate/Console/Command.php(112): Illuminate\Database\Console\SeedCommand->fire()
#18 /home/ubuntu/workspace/2503ict/Assignment5/vendor/symfony/console/Command/Command.php(261): Illuminate\Console\Command->execute(Object(Symfony\Component\Console\Input\ArgvInput), Object(Symfony\Component\Console\Output\ConsoleOutput))
#19 /home/ubuntu/workspace/2503ict/Assignment5/vendor/laravel/framework/src/Illuminate/Console/Command.php(100): Symfony\Component\Console\Command\Command->run(Object(Symfony\Component\Console\Input\ArgvInput), Object(Symfony\Component\Console\Output\ConsoleOutput))
#20 /home/ubuntu/workspace/2503ict/Assignment5/vendor/symfony/console/Application.php(843): Illuminate\Console\Command->run(Object(Symfony\Component\Console\Input\ArgvInput), Object(Symfony\Component\Console\Output\ConsoleOutput))
#21 /home/ubuntu/workspace/2503ict/Assignment5/vendor/symfony/console/Application.php(188): Symfony\Component\Console\Application->doRunCommand(Object(Illuminate\Database\Console\SeedCommand), Object(Symfony\Component\Console\Input\ArgvInput), Object(Symfony\Component\Console\Output\ConsoleOutput))
#22 /home/ubuntu/workspace/2503ict/Assignment5/vendor/symfony/console/Application.php(119): Symfony\Component\Console\Application->doRun(Object(Symfony\Component\Console\Input\ArgvInput), Object(Symfony\Component\Console\Output\ConsoleOutput))
#23 /home/ubuntu/workspace/2503ict/Assignment5/artisan(59): Symfony\Component\Console\Application->run()
#24 {main}

Next exception 'Illuminate\Database\QueryException' with message 'SQLSTATE[HY000]: General error: 1 no such table: userfriends (SQL: insert into "userfriends" ("U_id", "F_id", "updated_at", "created_at") values (2, 1, 2017-01-18 06:10:55, 2017-01-18 06:10:55))' in /home/ubuntu/workspace/2503ict/Assignment5/vendor/laravel/framework/src/Illuminate/Database/Connection.php:631
Stack trace:
#0 /home/ubuntu/workspace/2503ict/Assignment5/vendor/laravel/framework/src/Illuminate/Database/Connection.php(587): Illuminate\Database\Connection->runQueryCallback('insert into "us...', Array, Object(Closure))
#1 /home/ubuntu/workspace/2503ict/Assignment5/vendor/laravel/framework/src/Illuminate/Database/Connection.php(370): Illuminate\Database\Connection->run('insert into "us...', Array, Object(Closure))
#2 /home/ubuntu/workspace/2503ict/Assignment5/vendor/laravel/framework/src/Illuminate/Database/Connection.php(327): Illuminate\Database\Connection->statement('insert into "us...', Array)
#3 /home/ubuntu/workspace/2503ict/Assignment5/vendor/laravel/framework/src/Illuminate/Database/Query/Processors/Processor.php(30): Illuminate\Database\Connection->insert('insert into "us...', Array)
#4 /home/ubuntu/workspace/2503ict/Assignment5/vendor/laravel/framework/src/Illuminate/Database/Query/Builder.php(1910): Illuminate\Database\Query\Processors\Processor->processInsertGetId(Object(Illuminate\Database\Query\Builder), 'insert into "us...', Array, 'id')
#5 [internal function]: Illuminate\Database\Query\Builder->insertGetId(Array, 'id')
#6 /home/ubuntu/workspace/2503ict/Assignment5/vendor/laravel/framework/src/Illuminate/Database/Eloquent/Builder.php(972): call_user_func_array(Array, Array)
#7 /home/ubuntu/workspace/2503ict/Assignment5/vendor/laravel/framework/src/Illuminate/Database/Eloquent/Model.php(1580): Illuminate\Database\Eloquent\Builder->__call('insertGetId', Array)
#8 /home/ubuntu/workspace/2503ict/Assignment5/vendor/laravel/framework/src/Illuminate/Database/Eloquent/Model.php(1580): Illuminate\Database\Eloquent\Builder->insertGetId(Array, 'id')
#9 /home/ubuntu/workspace/2503ict/Assignment5/vendor/laravel/framework/src/Illuminate/Database/Eloquent/Model.php(1550): Illuminate\Database\Eloquent\Model->insertAndSetId(Object(Illuminate\Database\Eloquent\Builder), Array)
#10 /home/ubuntu/workspace/2503ict/Assignment5/vendor/laravel/framework/src/Illuminate/Database/Eloquent/Model.php(1456): Illuminate\Database\Eloquent\Model->performInsert(Object(Illuminate\Database\Eloquent\Builder), Array)
#11 /home/ubuntu/workspace/2503ict/Assignment5/app/database/seeds/UserfriendSeeder.php(8): Illuminate\Database\Eloquent\Model->save()
#12 /home/ubuntu/workspace/2503ict/Assignment5/vendor/laravel/framework/src/Illuminate/Database/Seeder.php(37): UserfriendSeeder->run()
#13 /home/ubuntu/workspace/2503ict/Assignment5/app/database/seeds/DatabaseSeeder.php(17): Illuminate\Database\Seeder->call('UserfriendSeede...')
#14 /home/ubuntu/workspace/2503ict/Assignment5/vendor/laravel/framework/src/Illuminate/Database/Console/SeedCommand.php(57): DatabaseSeeder->run()
#15 /home/ubuntu/workspace/2503ict/Assignment5/vendor/laravel/framework/src/Illuminate/Console/Command.php(112): Illuminate\Database\Console\SeedCommand->fire()
#16 /home/ubuntu/workspace/2503ict/Assignment5/vendor/symfony/console/Command/Command.php(261): Illuminate\Console\Command->execute(Object(Symfony\Component\Console\Input\ArgvInput), Object(Symfony\Component\Console\Output\ConsoleOutput))
#17 /home/ubuntu/workspace/2503ict/Assignment5/vendor/laravel/framework/src/Illuminate/Console/Command.php(100): Symfony\Component\Console\Command\Command->run(Object(Symfony\Component\Console\Input\ArgvInput), Object(Symfony\Component\Console\Output\ConsoleOutput))
#18 /home/ubuntu/workspace/2503ict/Assignment5/vendor/symfony/console/Application.php(843): Illuminate\Console\Command->run(Object(Symfony\Component\Console\Input\ArgvInput), Object(Symfony\Component\Console\Output\ConsoleOutput))
#19 /home/ubuntu/workspace/2503ict/Assignment5/vendor/symfony/console/Application.php(188): Symfony\Component\Console\Application->doRunCommand(Object(Illuminate\Database\Console\SeedCommand), Object(Symfony\Component\Console\Input\ArgvInput), Object(Symfony\Component\Console\Output\ConsoleOutput))
#20 /home/ubuntu/workspace/2503ict/Assignment5/vendor/symfony/console/Application.php(119): Symfony\Component\Console\Application->doRun(Object(Symfony\Component\Console\Input\ArgvInput), Object(Symfony\Component\Console\Output\ConsoleOutput))
#21 /home/ubuntu/workspace/2503ict/Assignment5/artisan(59): Symfony\Component\Console\Application->run()
#22 {main} [] []
[2017-01-18 06:13:06] production.ERROR: exception 'ReflectionException' with message 'Class UserfriendSeeder does not exist' in /home/ubuntu/workspace/2503ict/Assignment5/vendor/laravel/framework/src/Illuminate/Container/Container.php:504
Stack trace:
#0 /home/ubuntu/workspace/2503ict/Assignment5/vendor/laravel/framework/src/Illuminate/Container/Container.php(504): ReflectionClass->__construct('UserfriendSeede...')
#1 /home/ubuntu/workspace/2503ict/Assignment5/vendor/laravel/framework/src/Illuminate/Container/Container.php(428): Illuminate\Container\Container->build('UserfriendSeede...', Array)
#2 /home/ubuntu/workspace/2503ict/Assignment5/vendor/laravel/framework/src/Illuminate/Foundation/Application.php(462): Illuminate\Container\Container->make('UserfriendSeede...', Array)
#3 /home/ubuntu/workspace/2503ict/Assignment5/vendor/laravel/framework/src/Illuminate/Database/Seeder.php(55): Illuminate\Foundation\Application->make('UserfriendSeede...')
#4 /home/ubuntu/workspace/2503ict/Assignment5/vendor/laravel/framework/src/Illuminate/Database/Seeder.php(37): Illuminate\Database\Seeder->resolve('UserfriendSeede...')
#5 /home/ubuntu/workspace/2503ict/Assignment5/app/database/seeds/DatabaseSeeder.php(17): Illuminate\Database\Seeder->call('UserfriendSeede...')
#6 /home/ubuntu/workspace/2503ict/Assignment5/vendor/laravel/framework/src/Illuminate/Database/Console/SeedCommand.php(57): DatabaseSeeder->run()
#7 /home/ubuntu/workspace/2503ict/Assignment5/vendor/laravel/framework/src/Illuminate/Console/Command.php(112): Illuminate\Database\Console\SeedCommand->fire()
#8 /home/ubuntu/workspace/2503ict/Assignment5/vendor/symfony/console/Command/Command.php(261): Illuminate\Console\Command->execute(Object(Symfony\Component\Console\Input\ArgvInput), Object(Symfony\Component\Console\Output\ConsoleOutput))
#9 /home/ubuntu/workspace/2503ict/Assignment5/vendor/laravel/framework/src/Illuminate/Console/Command.php(100): Symfony\Component\Console\Command\Command->run(Object(Symfony\Component\Console\Input\ArgvInput), Object(Symfony\Component\Console\Output\ConsoleOutput))
#10 /home/ubuntu/workspace/2503ict/Assignment5/vendor/symfony/console/Application.php(843): Illuminate\Console\Command->run(Object(Symfony\Component\Console\Input\ArgvInput), Object(Symfony\Component\Console\Output\ConsoleOutput))
#11 /home/ubuntu/workspace/2503ict/Assignment5/vendor/symfony/console/Application.php(188): Symfony\Component\Console\Application->doRunCommand(Object(Illuminate\Database\Console\SeedCommand), Object(Symfony\Component\Console\Input\ArgvInput), Object(Symfony\Component\Console\Output\ConsoleOutput))
#12 /home/ubuntu/workspace/2503ict/Assignment5/vendor/symfony/console/Application.php(119): Symfony\Component\Console\Application->doRun(Object(Symfony\Component\Console\Input\ArgvInput), Object(Symfony\Component\Console\Output\ConsoleOutput))
#13 /home/ubuntu/workspace/2503ict/Assignment5/artisan(59): Symfony\Component\Console\Application->run()
#14 {main} [] []
[2017-01-18 06:18:19] production.ERROR: exception 'PDOException' with message 'SQLSTATE[HY000]: General error: 1 no such table: userfriends' in /home/ubuntu/workspace/2503ict/Assignment5/vendor/laravel/framework/src/Illuminate/Database/Connection.php:369
Stack trace:
#0 /home/ubuntu/workspace/2503ict/Assignment5/vendor/laravel/framework/src/Illuminate/Database/Connection.php(369): PDO->prepare('insert into "us...')
#1 /home/ubuntu/workspace/2503ict/Assignment5/vendor/laravel/framework/src/Illuminate/Database/Connection.php(623): Illuminate\Database\Connection->Illuminate\Database\{closure}(Object(Illuminate\Database\SQLiteConnection), 'insert into "us...', Array)
#2 /home/ubuntu/workspace/2503ict/Assignment5/vendor/laravel/framework/src/Illuminate/Database/Connection.php(587): Illuminate\Database\Connection->runQueryCallback('insert into "us...', Array, Object(Closure))
#3 /home/ubuntu/workspace/2503ict/Assignment5/vendor/laravel/framework/src/Illuminate/Database/Connection.php(370): Illuminate\Database\Connection->run('insert into "us...', Array, Object(Closure))
#4 /home/ubuntu/workspace/2503ict/Assignment5/vendor/laravel/framework/src/Illuminate/Database/Connection.php(327): Illuminate\Database\Connection->statement('insert into "us...', Array)
#5 /home/ubuntu/workspace/2503ict/Assignment5/vendor/laravel/framework/src/Illuminate/Database/Query/Processors/Processor.php(30): Illuminate\Database\Connection->insert('insert into "us...', Array)
#6 /home/ubuntu/workspace/2503ict/Assignment5/vendor/laravel/framework/src/Illuminate/Database/Query/Builder.php(1910): Illuminate\Database\Query\Processors\Processor->processInsertGetId(Object(Illuminate\Database\Query\Builder), 'insert into "us...', Array, 'id')
#7 [internal function]: Illuminate\Database\Query\Builder->insertGetId(Array, 'id')
#8 /home/ubuntu/workspace/2503ict/Assignment5/vendor/laravel/framework/src/Illuminate/Database/Eloquent/Builder.php(972): call_user_func_array(Array, Array)
#9 /home/ubuntu/workspace/2503ict/Assignment5/vendor/laravel/framework/src/Illuminate/Database/Eloquent/Model.php(1580): Illuminate\Database\Eloquent\Builder->__call('insertGetId', Array)
#10 /home/ubuntu/workspace/2503ict/Assignment5/vendor/laravel/framework/src/Illuminate/Database/Eloquent/Model.php(1580): Illuminate\Database\Eloquent\Builder->insertGetId(Array, 'id')
#11 /home/ubuntu/workspace/2503ict/Assignment5/vendor/laravel/framework/src/Illuminate/Database/Eloquent/Model.php(1550): Illuminate\Database\Eloquent\Model->insertAndSetId(Object(Illuminate\Database\Eloquent\Builder), Array)
#12 /home/ubuntu/workspace/2503ict/Assignment5/vendor/laravel/framework/src/Illuminate/Database/Eloquent/Model.php(1456): Illuminate\Database\Eloquent\Model->performInsert(Object(Illuminate\Database\Eloquent\Builder), Array)
#13 /home/ubuntu/workspace/2503ict/Assignment5/app/database/seeds/UserfriendSeeder.php(8): Illuminate\Database\Eloquent\Model->save()
#14 /home/ubuntu/workspace/2503ict/Assignment5/vendor/laravel/framework/src/Illuminate/Database/Seeder.php(37): UserfriendSeeder->run()
#15 /home/ubuntu/workspace/2503ict/Assignment5/app/database/seeds/DatabaseSeeder.php(17): Illuminate\Database\Seeder->call('UserfriendSeede...')
#16 /home/ubuntu/workspace/2503ict/Assignment5/vendor/laravel/framework/src/Illuminate/Database/Console/SeedCommand.php(57): DatabaseSeeder->run()
#17 /home/ubuntu/workspace/2503ict/Assignment5/vendor/laravel/framework/src/Illuminate/Console/Command.php(112): Illuminate\Database\Console\SeedCommand->fire()
#18 /home/ubuntu/workspace/2503ict/Assignment5/vendor/symfony/console/Command/Command.php(261): Illuminate\Console\Command->execute(Object(Symfony\Component\Console\Input\ArgvInput), Object(Symfony\Component\Console\Output\ConsoleOutput))
#19 /home/ubuntu/workspace/2503ict/Assignment5/vendor/laravel/framework/src/Illuminate/Console/Command.php(100): Symfony\Component\Console\Command\Command->run(Object(Symfony\Component\Console\Input\ArgvInput), Object(Symfony\Component\Console\Output\ConsoleOutput))
#20 /home/ubuntu/workspace/2503ict/Assignment5/vendor/symfony/console/Application.php(843): Illuminate\Console\Command->run(Object(Symfony\Component\Console\Input\ArgvInput), Object(Symfony\Component\Console\Output\ConsoleOutput))
#21 /home/ubuntu/workspace/2503ict/Assignment5/vendor/symfony/console/Application.php(188): Symfony\Component\Console\Application->doRunCommand(Object(Illuminate\Database\Console\SeedCommand), Object(Symfony\Component\Console\Input\ArgvInput), Object(Symfony\Component\Console\Output\ConsoleOutput))
#22 /home/ubuntu/workspace/2503ict/Assignment5/vendor/symfony/console/Application.php(119): Symfony\Component\Console\Application->doRun(Object(Symfony\Component\Console\Input\ArgvInput), Object(Symfony\Component\Console\Output\ConsoleOutput))
#23 /home/ubuntu/workspace/2503ict/Assignment5/artisan(59): Symfony\Component\Console\Application->run()
#24 {main}

Next exception 'Illuminate\Database\QueryException' with message 'SQLSTATE[HY000]: General error: 1 no such table: userfriends (SQL: insert into "userfriends" ("U_id", "F_id", "updated_at", "created_at") values (2, 1, 2017-01-18 06:18:19, 2017-01-18 06:18:19))' in /home/ubuntu/workspace/2503ict/Assignment5/vendor/laravel/framework/src/Illuminate/Database/Connection.php:631
Stack trace:
#0 /home/ubuntu/workspace/2503ict/Assignment5/vendor/laravel/framework/src/Illuminate/Database/Connection.php(587): Illuminate\Database\Connection->runQueryCallback('insert into "us...', Array, Object(Closure))
#1 /home/ubuntu/workspace/2503ict/Assignment5/vendor/laravel/framework/src/Illuminate/Database/Connection.php(370): Illuminate\Database\Connection->run('insert into "us...', Array, Object(Closure))
#2 /home/ubuntu/workspace/2503ict/Assignment5/vendor/laravel/framework/src/Illuminate/Database/Connection.php(327): Illuminate\Database\Connection->statement('insert into "us...', Array)
#3 /home/ubuntu/workspace/2503ict/Assignment5/vendor/laravel/framework/src/Illuminate/Database/Query/Processors/Processor.php(30): Illuminate\Database\Connection->insert('insert into "us...', Array)
#4 /home/ubuntu/workspace/2503ict/Assignment5/vendor/laravel/framework/src/Illuminate/Database/Query/Builder.php(1910): Illuminate\Database\Query\Processors\Processor->processInsertGetId(Object(Illuminate\Database\Query\Builder), 'insert into "us...', Array, 'id')
#5 [internal function]: Illuminate\Database\Query\Builder->insertGetId(Array, 'id')
#6 /home/ubuntu/workspace/2503ict/Assignment5/vendor/laravel/framework/src/Illuminate/Database/Eloquent/Builder.php(972): call_user_func_array(Array, Array)
#7 /home/ubuntu/workspace/2503ict/Assignment5/vendor/laravel/framework/src/Illuminate/Database/Eloquent/Model.php(1580): Illuminate\Database\Eloquent\Builder->__call('insertGetId', Array)
#8 /home/ubuntu/workspace/2503ict/Assignment5/vendor/laravel/framework/src/Illuminate/Database/Eloquent/Model.php(1580): Illuminate\Database\Eloquent\Builder->insertGetId(Array, 'id')
#9 /home/ubuntu/workspace/2503ict/Assignment5/vendor/laravel/framework/src/Illuminate/Database/Eloquent/Model.php(1550): Illuminate\Database\Eloquent\Model->insertAndSetId(Object(Illuminate\Database\Eloquent\Builder), Array)
#10 /home/ubuntu/workspace/2503ict/Assignment5/vendor/laravel/framework/src/Illuminate/Database/Eloquent/Model.php(1456): Illuminate\Database\Eloquent\Model->performInsert(Object(Illuminate\Database\Eloquent\Builder), Array)
#11 /home/ubuntu/workspace/2503ict/Assignment5/app/database/seeds/UserfriendSeeder.php(8): Illuminate\Database\Eloquent\Model->save()
#12 /home/ubuntu/workspace/2503ict/Assignment5/vendor/laravel/framework/src/Illuminate/Database/Seeder.php(37): UserfriendSeeder->run()
#13 /home/ubuntu/workspace/2503ict/Assignment5/app/database/seeds/DatabaseSeeder.php(17): Illuminate\Database\Seeder->call('UserfriendSeede...')
#14 /home/ubuntu/workspace/2503ict/Assignment5/vendor/laravel/framework/src/Illuminate/Database/Console/SeedCommand.php(57): DatabaseSeeder->run()
#15 /home/ubuntu/workspace/2503ict/Assignment5/vendor/laravel/framework/src/Illuminate/Console/Command.php(112): Illuminate\Database\Console\SeedCommand->fire()
#16 /home/ubuntu/workspace/2503ict/Assignment5/vendor/symfony/console/Command/Command.php(261): Illuminate\Console\Command->execute(Object(Symfony\Component\Console\Input\ArgvInput), Object(Symfony\Component\Console\Output\ConsoleOutput))
#17 /home/ubuntu/workspace/2503ict/Assignment5/vendor/laravel/framework/src/Illuminate/Console/Command.php(100): Symfony\Component\Console\Command\Command->run(Object(Symfony\Component\Console\Input\ArgvInput), Object(Symfony\Component\Console\Output\ConsoleOutput))
#18 /home/ubuntu/workspace/2503ict/Assignment5/vendor/symfony/console/Application.php(843): Illuminate\Console\Command->run(Object(Symfony\Component\Console\Input\ArgvInput), Object(Symfony\Component\Console\Output\ConsoleOutput))
#19 /home/ubuntu/workspace/2503ict/Assignment5/vendor/symfony/console/Application.php(188): Symfony\Component\Console\Application->doRunCommand(Object(Illuminate\Database\Console\SeedCommand), Object(Symfony\Component\Console\Input\ArgvInput), Object(Symfony\Component\Console\Output\ConsoleOutput))
#20 /home/ubuntu/workspace/2503ict/Assignment5/vendor/symfony/console/Application.php(119): Symfony\Component\Console\Application->doRun(Object(Symfony\Component\Console\Input\ArgvInput), Object(Symfony\Component\Console\Output\ConsoleOutput))
#21 /home/ubuntu/workspace/2503ict/Assignment5/artisan(59): Symfony\Component\Console\Application->run()
#22 {main} [] []
[2017-01-18 06:27:03] production.ERROR: exception 'PDOException' with message 'SQLSTATE[HY000]: General error: 1 no such table: userfriends' in /home/ubuntu/workspace/2503ict/Assignment5/vendor/laravel/framework/src/Illuminate/Database/Connection.php:369
Stack trace:
#0 /home/ubuntu/workspace/2503ict/Assignment5/vendor/laravel/framework/src/Illuminate/Database/Connection.php(369): PDO->prepare('insert into "us...')
#1 /home/ubuntu/workspace/2503ict/Assignment5/vendor/laravel/framework/src/Illuminate/Database/Connection.php(623): Illuminate\Database\Connection->Illuminate\Database\{closure}(Object(Illuminate\Database\SQLiteConnection), 'insert into "us...', Array)
#2 /home/ubuntu/workspace/2503ict/Assignment5/vendor/laravel/framework/src/Illuminate/Database/Connection.php(587): Illuminate\Database\Connection->runQueryCallback('insert into "us...', Array, Object(Closure))
#3 /home/ubuntu/workspace/2503ict/Assignment5/vendor/laravel/framework/src/Illuminate/Database/Connection.php(370): Illuminate\Database\Connection->run('insert into "us...', Array, Object(Closure))
#4 /home/ubuntu/workspace/2503ict/Assignment5/vendor/laravel/framework/src/Illuminate/Database/Connection.php(327): Illuminate\Database\Connection->statement('insert into "us...', Array)
#5 /home/ubuntu/workspace/2503ict/Assignment5/vendor/laravel/framework/src/Illuminate/Database/Query/Processors/Processor.php(30): Illuminate\Database\Connection->insert('insert into "us...', Array)
#6 /home/ubuntu/workspace/2503ict/Assignment5/vendor/laravel/framework/src/Illuminate/Database/Query/Builder.php(1910): Illuminate\Database\Query\Processors\Processor->processInsertGetId(Object(Illuminate\Database\Query\Builder), 'insert into "us...', Array, 'id')
#7 [internal function]: Illuminate\Database\Query\Builder->insertGetId(Array, 'id')
#8 /home/ubuntu/workspace/2503ict/Assignment5/vendor/laravel/framework/src/Illuminate/Database/Eloquent/Builder.php(972): call_user_func_array(Array, Array)
#9 /home/ubuntu/workspace/2503ict/Assignment5/vendor/laravel/framework/src/Illuminate/Database/Eloquent/Model.php(1580): Illuminate\Database\Eloquent\Builder->__call('insertGetId', Array)
#10 /home/ubuntu/workspace/2503ict/Assignment5/vendor/laravel/framework/src/Illuminate/Database/Eloquent/Model.php(1580): Illuminate\Database\Eloquent\Builder->insertGetId(Array, 'id')
#11 /home/ubuntu/workspace/2503ict/Assignment5/vendor/laravel/framework/src/Illuminate/Database/Eloquent/Model.php(1550): Illuminate\Database\Eloquent\Model->insertAndSetId(Object(Illuminate\Database\Eloquent\Builder), Array)
#12 /home/ubuntu/workspace/2503ict/Assignment5/vendor/laravel/framework/src/Illuminate/Database/Eloquent/Model.php(1456): Illuminate\Database\Eloquent\Model->performInsert(Object(Illuminate\Database\Eloquent\Builder), Array)
#13 /home/ubuntu/workspace/2503ict/Assignment5/app/database/seeds/UserfriendSeeder.php(8): Illuminate\Database\Eloquent\Model->save()
#14 /home/ubuntu/workspace/2503ict/Assignment5/vendor/laravel/framework/src/Illuminate/Database/Seeder.php(37): UserfriendSeeder->run()
#15 /home/ubuntu/workspace/2503ict/Assignment5/app/database/seeds/DatabaseSeeder.php(17): Illuminate\Database\Seeder->call('UserfriendSeede...')
#16 /home/ubuntu/workspace/2503ict/Assignment5/vendor/laravel/framework/src/Illuminate/Database/Console/SeedCommand.php(57): DatabaseSeeder->run()
#17 /home/ubuntu/workspace/2503ict/Assignment5/vendor/laravel/framework/src/Illuminate/Console/Command.php(112): Illuminate\Database\Console\SeedCommand->fire()
#18 /home/ubuntu/workspace/2503ict/Assignment5/vendor/symfony/console/Command/Command.php(261): Illuminate\Console\Command->execute(Object(Symfony\Component\Console\Input\ArgvInput), Object(Symfony\Component\Console\Output\ConsoleOutput))
#19 /home/ubuntu/workspace/2503ict/Assignment5/vendor/laravel/framework/src/Illuminate/Console/Command.php(100): Symfony\Component\Console\Command\Command->run(Object(Symfony\Component\Console\Input\ArgvInput), Object(Symfony\Component\Console\Output\ConsoleOutput))
#20 /home/ubuntu/workspace/2503ict/Assignment5/vendor/symfony/console/Application.php(843): Illuminate\Console\Command->run(Object(Symfony\Component\Console\Input\ArgvInput), Object(Symfony\Component\Console\Output\ConsoleOutput))
#21 /home/ubuntu/workspace/2503ict/Assignment5/vendor/symfony/console/Application.php(188): Symfony\Component\Console\Application->doRunCommand(Object(Illuminate\Database\Console\SeedCommand), Object(Symfony\Component\Console\Input\ArgvInput), Object(Symfony\Component\Console\Output\ConsoleOutput))
#22 /home/ubuntu/workspace/2503ict/Assignment5/vendor/symfony/console/Application.php(119): Symfony\Component\Console\Application->doRun(Object(Symfony\Component\Console\Input\ArgvInput), Object(Symfony\Component\Console\Output\ConsoleOutput))
#23 /home/ubuntu/workspace/2503ict/Assignment5/artisan(59): Symfony\Component\Console\Application->run()
#24 {main}

Next exception 'Illuminate\Database\QueryException' with message 'SQLSTATE[HY000]: General error: 1 no such table: userfriends (SQL: insert into "userfriends" ("U_id", "F_id", "updated_at", "created_at") values (2, 1, 2017-01-18 06:27:03, 2017-01-18 06:27:03))' in /home/ubuntu/workspace/2503ict/Assignment5/vendor/laravel/framework/src/Illuminate/Database/Connection.php:631
Stack trace:
#0 /home/ubuntu/workspace/2503ict/Assignment5/vendor/laravel/framework/src/Illuminate/Database/Connection.php(587): Illuminate\Database\Connection->runQueryCallback('insert into "us...', Array, Object(Closure))
#1 /home/ubuntu/workspace/2503ict/Assignment5/vendor/laravel/framework/src/Illuminate/Database/Connection.php(370): Illuminate\Database\Connection->run('insert into "us...', Array, Object(Closure))
#2 /home/ubuntu/workspace/2503ict/Assignment5/vendor/laravel/framework/src/Illuminate/Database/Connection.php(327): Illuminate\Database\Connection->statement('insert into "us...', Array)
#3 /home/ubuntu/workspace/2503ict/Assignment5/vendor/laravel/framework/src/Illuminate/Database/Query/Processors/Processor.php(30): Illuminate\Database\Connection->insert('insert into "us...', Array)
#4 /home/ubuntu/workspace/2503ict/Assignment5/vendor/laravel/framework/src/Illuminate/Database/Query/Builder.php(1910): Illuminate\Database\Query\Processors\Processor->processInsertGetId(Object(Illuminate\Database\Query\Builder), 'insert into "us...', Array, 'id')
#5 [internal function]: Illuminate\Database\Query\Builder->insertGetId(Array, 'id')
#6 /home/ubuntu/workspace/2503ict/Assignment5/vendor/laravel/framework/src/Illuminate/Database/Eloquent/Builder.php(972): call_user_func_array(Array, Array)
#7 /home/ubuntu/workspace/2503ict/Assignment5/vendor/laravel/framework/src/Illuminate/Database/Eloquent/Model.php(1580): Illuminate\Database\Eloquent\Builder->__call('insertGetId', Array)
#8 /home/ubuntu/workspace/2503ict/Assignment5/vendor/laravel/framework/src/Illuminate/Database/Eloquent/Model.php(1580): Illuminate\Database\Eloquent\Builder->insertGetId(Array, 'id')
#9 /home/ubuntu/workspace/2503ict/Assignment5/vendor/laravel/framework/src/Illuminate/Database/Eloquent/Model.php(1550): Illuminate\Database\Eloquent\Model->insertAndSetId(Object(Illuminate\Database\Eloquent\Builder), Array)
#10 /home/ubuntu/workspace/2503ict/Assignment5/vendor/laravel/framework/src/Illuminate/Database/Eloquent/Model.php(1456): Illuminate\Database\Eloquent\Model->performInsert(Object(Illuminate\Database\Eloquent\Builder), Array)
#11 /home/ubuntu/workspace/2503ict/Assignment5/app/database/seeds/UserfriendSeeder.php(8): Illuminate\Database\Eloquent\Model->save()
#12 /home/ubuntu/workspace/2503ict/Assignment5/vendor/laravel/framework/src/Illuminate/Database/Seeder.php(37): UserfriendSeeder->run()
#13 /home/ubuntu/workspace/2503ict/Assignment5/app/database/seeds/DatabaseSeeder.php(17): Illuminate\Database\Seeder->call('UserfriendSeede...')
#14 /home/ubuntu/workspace/2503ict/Assignment5/vendor/laravel/framework/src/Illuminate/Database/Console/SeedCommand.php(57): DatabaseSeeder->run()
#15 /home/ubuntu/workspace/2503ict/Assignment5/vendor/laravel/framework/src/Illuminate/Console/Command.php(112): Illuminate\Database\Console\SeedCommand->fire()
#16 /home/ubuntu/workspace/2503ict/Assignment5/vendor/symfony/console/Command/Command.php(261): Illuminate\Console\Command->execute(Object(Symfony\Component\Console\Input\ArgvInput), Object(Symfony\Component\Console\Output\ConsoleOutput))
#17 /home/ubuntu/workspace/2503ict/Assignment5/vendor/laravel/framework/src/Illuminate/Console/Command.php(100): Symfony\Component\Console\Command\Command->run(Object(Symfony\Component\Console\Input\ArgvInput), Object(Symfony\Component\Console\Output\ConsoleOutput))
#18 /home/ubuntu/workspace/2503ict/Assignment5/vendor/symfony/console/Application.php(843): Illuminate\Console\Command->run(Object(Symfony\Component\Console\Input\ArgvInput), Object(Symfony\Component\Console\Output\ConsoleOutput))
#19 /home/ubuntu/workspace/2503ict/Assignment5/vendor/symfony/console/Application.php(188): Symfony\Component\Console\Application->doRunCommand(Object(Illuminate\Database\Console\SeedCommand), Object(Symfony\Component\Console\Input\ArgvInput), Object(Symfony\Component\Console\Output\ConsoleOutput))
#20 /home/ubuntu/workspace/2503ict/Assignment5/vendor/symfony/console/Application.php(119): Symfony\Component\Console\Application->doRun(Object(Symfony\Component\Console\Input\ArgvInput), Object(Symfony\Component\Console\Output\ConsoleOutput))
#21 /home/ubuntu/workspace/2503ict/Assignment5/artisan(59): Symfony\Component\Console\Application->run()
#22 {main} [] []
[2017-01-18 06:28:24] production.ERROR: exception 'PDOException' with message 'SQLSTATE[HY000]: General error: 1 no such table: userfriends' in /home/ubuntu/workspace/2503ict/Assignment5/vendor/laravel/framework/src/Illuminate/Database/Connection.php:369
Stack trace:
#0 /home/ubuntu/workspace/2503ict/Assignment5/vendor/laravel/framework/src/Illuminate/Database/Connection.php(369): PDO->prepare('insert into "us...')
#1 /home/ubuntu/workspace/2503ict/Assignment5/vendor/laravel/framework/src/Illuminate/Database/Connection.php(623): Illuminate\Database\Connection->Illuminate\Database\{closure}(Object(Illuminate\Database\SQLiteConnection), 'insert into "us...', Array)
#2 /home/ubuntu/workspace/2503ict/Assignment5/vendor/laravel/framework/src/Illuminate/Database/Connection.php(587): Illuminate\Database\Connection->runQueryCallback('insert into "us...', Array, Object(Closure))
#3 /home/ubuntu/workspace/2503ict/Assignment5/vendor/laravel/framework/src/Illuminate/Database/Connection.php(370): Illuminate\Database\Connection->run('insert into "us...', Array, Object(Closure))
#4 /home/ubuntu/workspace/2503ict/Assignment5/vendor/laravel/framework/src/Illuminate/Database/Connection.php(327): Illuminate\Database\Connection->statement('insert into "us...', Array)
#5 /home/ubuntu/workspace/2503ict/Assignment5/vendor/laravel/framework/src/Illuminate/Database/Query/Processors/Processor.php(30): Illuminate\Database\Connection->insert('insert into "us...', Array)
#6 /home/ubuntu/workspace/2503ict/Assignment5/vendor/laravel/framework/src/Illuminate/Database/Query/Builder.php(1910): Illuminate\Database\Query\Processors\Processor->processInsertGetId(Object(Illuminate\Database\Query\Builder), 'insert into "us...', Array, 'id')
#7 [internal function]: Illuminate\Database\Query\Builder->insertGetId(Array, 'id')
#8 /home/ubuntu/workspace/2503ict/Assignment5/vendor/laravel/framework/src/Illuminate/Database/Eloquent/Builder.php(972): call_user_func_array(Array, Array)
#9 /home/ubuntu/workspace/2503ict/Assignment5/vendor/laravel/framework/src/Illuminate/Database/Eloquent/Model.php(1580): Illuminate\Database\Eloquent\Builder->__call('insertGetId', Array)
#10 /home/ubuntu/workspace/2503ict/Assignment5/vendor/laravel/framework/src/Illuminate/Database/Eloquent/Model.php(1580): Illuminate\Database\Eloquent\Builder->insertGetId(Array, 'id')
#11 /home/ubuntu/workspace/2503ict/Assignment5/vendor/laravel/framework/src/Illuminate/Database/Eloquent/Model.php(1550): Illuminate\Database\Eloquent\Model->insertAndSetId(Object(Illuminate\Database\Eloquent\Builder), Array)
#12 /home/ubuntu/workspace/2503ict/Assignment5/vendor/laravel/framework/src/Illuminate/Database/Eloquent/Model.php(1456): Illuminate\Database\Eloquent\Model->performInsert(Object(Illuminate\Database\Eloquent\Builder), Array)
#13 /home/ubuntu/workspace/2503ict/Assignment5/app/database/seeds/UserfriendSeeder.php(8): Illuminate\Database\Eloquent\Model->save()
#14 /home/ubuntu/workspace/2503ict/Assignment5/vendor/laravel/framework/src/Illuminate/Database/Seeder.php(37): UserfriendSeeder->run()
#15 /home/ubuntu/workspace/2503ict/Assignment5/app/database/seeds/DatabaseSeeder.php(17): Illuminate\Database\Seeder->call('UserfriendSeede...')
#16 /home/ubuntu/workspace/2503ict/Assignment5/vendor/laravel/framework/src/Illuminate/Database/Console/SeedCommand.php(57): DatabaseSeeder->run()
#17 /home/ubuntu/workspace/2503ict/Assignment5/vendor/laravel/framework/src/Illuminate/Console/Command.php(112): Illuminate\Database\Console\SeedCommand->fire()
#18 /home/ubuntu/workspace/2503ict/Assignment5/vendor/symfony/console/Command/Command.php(261): Illuminate\Console\Command->execute(Object(Symfony\Component\Console\Input\ArgvInput), Object(Symfony\Component\Console\Output\ConsoleOutput))
#19 /home/ubuntu/workspace/2503ict/Assignment5/vendor/laravel/framework/src/Illuminate/Console/Command.php(100): Symfony\Component\Console\Command\Command->run(Object(Symfony\Component\Console\Input\ArgvInput), Object(Symfony\Component\Console\Output\ConsoleOutput))
#20 /home/ubuntu/workspace/2503ict/Assignment5/vendor/symfony/console/Application.php(843): Illuminate\Console\Command->run(Object(Symfony\Component\Console\Input\ArgvInput), Object(Symfony\Component\Console\Output\ConsoleOutput))
#21 /home/ubuntu/workspace/2503ict/Assignment5/vendor/symfony/console/Application.php(188): Symfony\Component\Console\Application->doRunCommand(Object(Illuminate\Database\Console\SeedCommand), Object(Symfony\Component\Console\Input\ArgvInput), Object(Symfony\Component\Console\Output\ConsoleOutput))
#22 /home/ubuntu/workspace/2503ict/Assignment5/vendor/symfony/console/Application.php(119): Symfony\Component\Console\Application->doRun(Object(Symfony\Component\Console\Input\ArgvInput), Object(Symfony\Component\Console\Output\ConsoleOutput))
#23 /home/ubuntu/workspace/2503ict/Assignment5/artisan(59): Symfony\Component\Console\Application->run()
#24 {main}

Next exception 'Illuminate\Database\QueryException' with message 'SQLSTATE[HY000]: General error: 1 no such table: userfriends (SQL: insert into "userfriends" ("user_id", "friend_id", "updated_at", "created_at") values (2, 1, 2017-01-18 06:28:24, 2017-01-18 06:28:24))' in /home/ubuntu/workspace/2503ict/Assignment5/vendor/laravel/framework/src/Illuminate/Database/Connection.php:631
Stack trace:
#0 /home/ubuntu/workspace/2503ict/Assignment5/vendor/laravel/framework/src/Illuminate/Database/Connection.php(587): Illuminate\Database\Connection->runQueryCallback('insert into "us...', Array, Object(Closure))
#1 /home/ubuntu/workspace/2503ict/Assignment5/vendor/laravel/framework/src/Illuminate/Database/Connection.php(370): Illuminate\Database\Connection->run('insert into "us...', Array, Object(Closure))
#2 /home/ubuntu/workspace/2503ict/Assignment5/vendor/laravel/framework/src/Illuminate/Database/Connection.php(327): Illuminate\Database\Connection->statement('insert into "us...', Array)
#3 /home/ubuntu/workspace/2503ict/Assignment5/vendor/laravel/framework/src/Illuminate/Database/Query/Processors/Processor.php(30): Illuminate\Database\Connection->insert('insert into "us...', Array)
#4 /home/ubuntu/workspace/2503ict/Assignment5/vendor/laravel/framework/src/Illuminate/Database/Query/Builder.php(1910): Illuminate\Database\Query\Processors\Processor->processInsertGetId(Object(Illuminate\Database\Query\Builder), 'insert into "us...', Array, 'id')
#5 [internal function]: Illuminate\Database\Query\Builder->insertGetId(Array, 'id')
#6 /home/ubuntu/workspace/2503ict/Assignment5/vendor/laravel/framework/src/Illuminate/Database/Eloquent/Builder.php(972): call_user_func_array(Array, Array)
#7 /home/ubuntu/workspace/2503ict/Assignment5/vendor/laravel/framework/src/Illuminate/Database/Eloquent/Model.php(1580): Illuminate\Database\Eloquent\Builder->__call('insertGetId', Array)
#8 /home/ubuntu/workspace/2503ict/Assignment5/vendor/laravel/framework/src/Illuminate/Database/Eloquent/Model.php(1580): Illuminate\Database\Eloquent\Builder->insertGetId(Array, 'id')
#9 /home/ubuntu/workspace/2503ict/Assignment5/vendor/laravel/framework/src/Illuminate/Database/Eloquent/Model.php(1550): Illuminate\Database\Eloquent\Model->insertAndSetId(Object(Illuminate\Database\Eloquent\Builder), Array)
#10 /home/ubuntu/workspace/2503ict/Assignment5/vendor/laravel/framework/src/Illuminate/Database/Eloquent/Model.php(1456): Illuminate\Database\Eloquent\Model->performInsert(Object(Illuminate\Database\Eloquent\Builder), Array)
#11 /home/ubuntu/workspace/2503ict/Assignment5/app/database/seeds/UserfriendSeeder.php(8): Illuminate\Database\Eloquent\Model->save()
#12 /home/ubuntu/workspace/2503ict/Assignment5/vendor/laravel/framework/src/Illuminate/Database/Seeder.php(37): UserfriendSeeder->run()
#13 /home/ubuntu/workspace/2503ict/Assignment5/app/database/seeds/DatabaseSeeder.php(17): Illuminate\Database\Seeder->call('UserfriendSeede...')
#14 /home/ubuntu/workspace/2503ict/Assignment5/vendor/laravel/framework/src/Illuminate/Database/Console/SeedCommand.php(57): DatabaseSeeder->run()
#15 /home/ubuntu/workspace/2503ict/Assignment5/vendor/laravel/framework/src/Illuminate/Console/Command.php(112): Illuminate\Database\Console\SeedCommand->fire()
#16 /home/ubuntu/workspace/2503ict/Assignment5/vendor/symfony/console/Command/Command.php(261): Illuminate\Console\Command->execute(Object(Symfony\Component\Console\Input\ArgvInput), Object(Symfony\Component\Console\Output\ConsoleOutput))
#17 /home/ubuntu/workspace/2503ict/Assignment5/vendor/laravel/framework/src/Illuminate/Console/Command.php(100): Symfony\Component\Console\Command\Command->run(Object(Symfony\Component\Console\Input\ArgvInput), Object(Symfony\Component\Console\Output\ConsoleOutput))
#18 /home/ubuntu/workspace/2503ict/Assignment5/vendor/symfony/console/Application.php(843): Illuminate\Console\Command->run(Object(Symfony\Component\Console\Input\ArgvInput), Object(Symfony\Component\Console\Output\ConsoleOutput))
#19 /home/ubuntu/workspace/2503ict/Assignment5/vendor/symfony/console/Application.php(188): Symfony\Component\Console\Application->doRunCommand(Object(Illuminate\Database\Console\SeedCommand), Object(Symfony\Component\Console\Input\ArgvInput), Object(Symfony\Component\Console\Output\ConsoleOutput))
#20 /home/ubuntu/workspace/2503ict/Assignment5/vendor/symfony/console/Application.php(119): Symfony\Component\Console\Application->doRun(Object(Symfony\Component\Console\Input\ArgvInput), Object(Symfony\Component\Console\Output\ConsoleOutput))
#21 /home/ubuntu/workspace/2503ict/Assignment5/artisan(59): Symfony\Component\Console\Application->run()
#22 {main} [] []
[2017-01-18 06:29:34] production.ERROR: exception 'ReflectionException' with message 'Class UserfriendSeeder does not exist' in /home/ubuntu/workspace/2503ict/Assignment5/vendor/laravel/framework/src/Illuminate/Container/Container.php:504
Stack trace:
#0 /home/ubuntu/workspace/2503ict/Assignment5/vendor/laravel/framework/src/Illuminate/Container/Container.php(504): ReflectionClass->__construct('UserfriendSeede...')
#1 /home/ubuntu/workspace/2503ict/Assignment5/vendor/laravel/framework/src/Illuminate/Container/Container.php(428): Illuminate\Container\Container->build('UserfriendSeede...', Array)
#2 /home/ubuntu/workspace/2503ict/Assignment5/vendor/laravel/framework/src/Illuminate/Foundation/Application.php(462): Illuminate\Container\Container->make('UserfriendSeede...', Array)
#3 /home/ubuntu/workspace/2503ict/Assignment5/vendor/laravel/framework/src/Illuminate/Database/Seeder.php(55): Illuminate\Foundation\Application->make('UserfriendSeede...')
#4 /home/ubuntu/workspace/2503ict/Assignment5/vendor/laravel/framework/src/Illuminate/Database/Seeder.php(37): Illuminate\Database\Seeder->resolve('UserfriendSeede...')
#5 /home/ubuntu/workspace/2503ict/Assignment5/app/database/seeds/DatabaseSeeder.php(17): Illuminate\Database\Seeder->call('UserfriendSeede...')
#6 /home/ubuntu/workspace/2503ict/Assignment5/vendor/laravel/framework/src/Illuminate/Database/Console/SeedCommand.php(57): DatabaseSeeder->run()
#7 /home/ubuntu/workspace/2503ict/Assignment5/vendor/laravel/framework/src/Illuminate/Console/Command.php(112): Illuminate\Database\Console\SeedCommand->fire()
#8 /home/ubuntu/workspace/2503ict/Assignment5/vendor/symfony/console/Command/Command.php(261): Illuminate\Console\Command->execute(Object(Symfony\Component\Console\Input\ArgvInput), Object(Symfony\Component\Console\Output\ConsoleOutput))
#9 /home/ubuntu/workspace/2503ict/Assignment5/vendor/laravel/framework/src/Illuminate/Console/Command.php(100): Symfony\Component\Console\Command\Command->run(Object(Symfony\Component\Console\Input\ArgvInput), Object(Symfony\Component\Console\Output\ConsoleOutput))
#10 /home/ubuntu/workspace/2503ict/Assignment5/vendor/symfony/console/Application.php(843): Illuminate\Console\Command->run(Object(Symfony\Component\Console\Input\ArgvInput), Object(Symfony\Component\Console\Output\ConsoleOutput))
#11 /home/ubuntu/workspace/2503ict/Assignment5/vendor/symfony/console/Application.php(188): Symfony\Component\Console\Application->doRunCommand(Object(Illuminate\Database\Console\SeedCommand), Object(Symfony\Component\Console\Input\ArgvInput), Object(Symfony\Component\Console\Output\ConsoleOutput))
#12 /home/ubuntu/workspace/2503ict/Assignment5/vendor/symfony/console/Application.php(119): Symfony\Component\Console\Application->doRun(Object(Symfony\Component\Console\Input\ArgvInput), Object(Symfony\Component\Console\Output\ConsoleOutput))
#13 /home/ubuntu/workspace/2503ict/Assignment5/artisan(59): Symfony\Component\Console\Application->run()
#14 {main} [] []
[2017-01-18 06:31:17] production.ERROR: exception 'PDOException' with message 'SQLSTATE[HY000]: General error: 1 table userfriends has no column named updated_at' in /home/ubuntu/workspace/2503ict/Assignment5/vendor/laravel/framework/src/Illuminate/Database/Connection.php:369
Stack trace:
#0 /home/ubuntu/workspace/2503ict/Assignment5/vendor/laravel/framework/src/Illuminate/Database/Connection.php(369): PDO->prepare('insert into "us...')
#1 /home/ubuntu/workspace/2503ict/Assignment5/vendor/laravel/framework/src/Illuminate/Database/Connection.php(623): Illuminate\Database\Connection->Illuminate\Database\{closure}(Object(Illuminate\Database\SQLiteConnection), 'insert into "us...', Array)
#2 /home/ubuntu/workspace/2503ict/Assignment5/vendor/laravel/framework/src/Illuminate/Database/Connection.php(587): Illuminate\Database\Connection->runQueryCallback('insert into "us...', Array, Object(Closure))
#3 /home/ubuntu/workspace/2503ict/Assignment5/vendor/laravel/framework/src/Illuminate/Database/Connection.php(370): Illuminate\Database\Connection->run('insert into "us...', Array, Object(Closure))
#4 /home/ubuntu/workspace/2503ict/Assignment5/vendor/laravel/framework/src/Illuminate/Database/Connection.php(327): Illuminate\Database\Connection->statement('insert into "us...', Array)
#5 /home/ubuntu/workspace/2503ict/Assignment5/vendor/laravel/framework/src/Illuminate/Database/Query/Processors/Processor.php(30): Illuminate\Database\Connection->insert('insert into "us...', Array)
#6 /home/ubuntu/workspace/2503ict/Assignment5/vendor/laravel/framework/src/Illuminate/Database/Query/Builder.php(1910): Illuminate\Database\Query\Processors\Processor->processInsertGetId(Object(Illuminate\Database\Query\Builder), 'insert into "us...', Array, 'id')
#7 [internal function]: Illuminate\Database\Query\Builder->insertGetId(Array, 'id')
#8 /home/ubuntu/workspace/2503ict/Assignment5/vendor/laravel/framework/src/Illuminate/Database/Eloquent/Builder.php(972): call_user_func_array(Array, Array)
#9 /home/ubuntu/workspace/2503ict/Assignment5/vendor/laravel/framework/src/Illuminate/Database/Eloquent/Model.php(1580): Illuminate\Database\Eloquent\Builder->__call('insertGetId', Array)
#10 /home/ubuntu/workspace/2503ict/Assignment5/vendor/laravel/framework/src/Illuminate/Database/Eloquent/Model.php(1580): Illuminate\Database\Eloquent\Builder->insertGetId(Array, 'id')
#11 /home/ubuntu/workspace/2503ict/Assignment5/vendor/laravel/framework/src/Illuminate/Database/Eloquent/Model.php(1550): Illuminate\Database\Eloquent\Model->insertAndSetId(Object(Illuminate\Database\Eloquent\Builder), Array)
#12 /home/ubuntu/workspace/2503ict/Assignment5/vendor/laravel/framework/src/Illuminate/Database/Eloquent/Model.php(1456): Illuminate\Database\Eloquent\Model->performInsert(Object(Illuminate\Database\Eloquent\Builder), Array)
#13 /home/ubuntu/workspace/2503ict/Assignment5/app/database/seeds/UserfriendSeeder.php(8): Illuminate\Database\Eloquent\Model->save()
#14 /home/ubuntu/workspace/2503ict/Assignment5/vendor/laravel/framework/src/Illuminate/Database/Seeder.php(37): UserfriendSeeder->run()
#15 /home/ubuntu/workspace/2503ict/Assignment5/app/database/seeds/DatabaseSeeder.php(17): Illuminate\Database\Seeder->call('UserfriendSeede...')
#16 /home/ubuntu/workspace/2503ict/Assignment5/vendor/laravel/framework/src/Illuminate/Database/Console/SeedCommand.php(57): DatabaseSeeder->run()
#17 /home/ubuntu/workspace/2503ict/Assignment5/vendor/laravel/framework/src/Illuminate/Console/Command.php(112): Illuminate\Database\Console\SeedCommand->fire()
#18 /home/ubuntu/workspace/2503ict/Assignment5/vendor/symfony/console/Command/Command.php(261): Illuminate\Console\Command->execute(Object(Symfony\Component\Console\Input\ArgvInput), Object(Symfony\Component\Console\Output\ConsoleOutput))
#19 /home/ubuntu/workspace/2503ict/Assignment5/vendor/laravel/framework/src/Illuminate/Console/Command.php(100): Symfony\Component\Console\Command\Command->run(Object(Symfony\Component\Console\Input\ArgvInput), Object(Symfony\Component\Console\Output\ConsoleOutput))
#20 /home/ubuntu/workspace/2503ict/Assignment5/vendor/symfony/console/Application.php(843): Illuminate\Console\Command->run(Object(Symfony\Component\Console\Input\ArgvInput), Object(Symfony\Component\Console\Output\ConsoleOutput))
#21 /home/ubuntu/workspace/2503ict/Assignment5/vendor/symfony/console/Application.php(188): Symfony\Component\Console\Application->doRunCommand(Object(Illuminate\Database\Console\SeedCommand), Object(Symfony\Component\Console\Input\ArgvInput), Object(Symfony\Component\Console\Output\ConsoleOutput))
#22 /home/ubuntu/workspace/2503ict/Assignment5/vendor/symfony/console/Application.php(119): Symfony\Component\Console\Application->doRun(Object(Symfony\Component\Console\Input\ArgvInput), Object(Symfony\Component\Console\Output\ConsoleOutput))
#23 /home/ubuntu/workspace/2503ict/Assignment5/artisan(59): Symfony\Component\Console\Application->run()
#24 {main}

Next exception 'Illuminate\Database\QueryException' with message 'SQLSTATE[HY000]: General error: 1 table userfriends has no column named updated_at (SQL: insert into "userfriends" ("user_id", "friend_id", "updated_at", "created_at") values (2, 1, 2017-01-18 06:31:17, 2017-01-18 06:31:17))' in /home/ubuntu/workspace/2503ict/Assignment5/vendor/laravel/framework/src/Illuminate/Database/Connection.php:631
Stack trace:
#0 /home/ubuntu/workspace/2503ict/Assignment5/vendor/laravel/framework/src/Illuminate/Database/Connection.php(587): Illuminate\Database\Connection->runQueryCallback('insert into "us...', Array, Object(Closure))
#1 /home/ubuntu/workspace/2503ict/Assignment5/vendor/laravel/framework/src/Illuminate/Database/Connection.php(370): Illuminate\Database\Connection->run('insert into "us...', Array, Object(Closure))
#2 /home/ubuntu/workspace/2503ict/Assignment5/vendor/laravel/framework/src/Illuminate/Database/Connection.php(327): Illuminate\Database\Connection->statement('insert into "us...', Array)
#3 /home/ubuntu/workspace/2503ict/Assignment5/vendor/laravel/framework/src/Illuminate/Database/Query/Processors/Processor.php(30): Illuminate\Database\Connection->insert('insert into "us...', Array)
#4 /home/ubuntu/workspace/2503ict/Assignment5/vendor/laravel/framework/src/Illuminate/Database/Query/Builder.php(1910): Illuminate\Database\Query\Processors\Processor->processInsertGetId(Object(Illuminate\Database\Query\Builder), 'insert into "us...', Array, 'id')
#5 [internal function]: Illuminate\Database\Query\Builder->insertGetId(Array, 'id')
#6 /home/ubuntu/workspace/2503ict/Assignment5/vendor/laravel/framework/src/Illuminate/Database/Eloquent/Builder.php(972): call_user_func_array(Array, Array)
#7 /home/ubuntu/workspace/2503ict/Assignment5/vendor/laravel/framework/src/Illuminate/Database/Eloquent/Model.php(1580): Illuminate\Database\Eloquent\Builder->__call('insertGetId', Array)
#8 /home/ubuntu/workspace/2503ict/Assignment5/vendor/laravel/framework/src/Illuminate/Database/Eloquent/Model.php(1580): Illuminate\Database\Eloquent\Builder->insertGetId(Array, 'id')
#9 /home/ubuntu/workspace/2503ict/Assignment5/vendor/laravel/framework/src/Illuminate/Database/Eloquent/Model.php(1550): Illuminate\Database\Eloquent\Model->insertAndSetId(Object(Illuminate\Database\Eloquent\Builder), Array)
#10 /home/ubuntu/workspace/2503ict/Assignment5/vendor/laravel/framework/src/Illuminate/Database/Eloquent/Model.php(1456): Illuminate\Database\Eloquent\Model->performInsert(Object(Illuminate\Database\Eloquent\Builder), Array)
#11 /home/ubuntu/workspace/2503ict/Assignment5/app/database/seeds/UserfriendSeeder.php(8): Illuminate\Database\Eloquent\Model->save()
#12 /home/ubuntu/workspace/2503ict/Assignment5/vendor/laravel/framework/src/Illuminate/Database/Seeder.php(37): UserfriendSeeder->run()
#13 /home/ubuntu/workspace/2503ict/Assignment5/app/database/seeds/DatabaseSeeder.php(17): Illuminate\Database\Seeder->call('UserfriendSeede...')
#14 /home/ubuntu/workspace/2503ict/Assignment5/vendor/laravel/framework/src/Illuminate/Database/Console/SeedCommand.php(57): DatabaseSeeder->run()
#15 /home/ubuntu/workspace/2503ict/Assignment5/vendor/laravel/framework/src/Illuminate/Console/Command.php(112): Illuminate\Database\Console\SeedCommand->fire()
#16 /home/ubuntu/workspace/2503ict/Assignment5/vendor/symfony/console/Command/Command.php(261): Illuminate\Console\Command->execute(Object(Symfony\Component\Console\Input\ArgvInput), Object(Symfony\Component\Console\Output\ConsoleOutput))
#17 /home/ubuntu/workspace/2503ict/Assignment5/vendor/laravel/framework/src/Illuminate/Console/Command.php(100): Symfony\Component\Console\Command\Command->run(Object(Symfony\Component\Console\Input\ArgvInput), Object(Symfony\Component\Console\Output\ConsoleOutput))
#18 /home/ubuntu/workspace/2503ict/Assignment5/vendor/symfony/console/Application.php(843): Illuminate\Console\Command->run(Object(Symfony\Component\Console\Input\ArgvInput), Object(Symfony\Component\Console\Output\ConsoleOutput))
#19 /home/ubuntu/workspace/2503ict/Assignment5/vendor/symfony/console/Application.php(188): Symfony\Component\Console\Application->doRunCommand(Object(Illuminate\Database\Console\SeedCommand), Object(Symfony\Component\Console\Input\ArgvInput), Object(Symfony\Component\Console\Output\ConsoleOutput))
#20 /home/ubuntu/workspace/2503ict/Assignment5/vendor/symfony/console/Application.php(119): Symfony\Component\Console\Application->doRun(Object(Symfony\Component\Console\Input\ArgvInput), Object(Symfony\Component\Console\Output\ConsoleOutput))
#21 /home/ubuntu/workspace/2503ict/Assignment5/artisan(59): Symfony\Component\Console\Application->run()
#22 {main} [] []
